[debug] [2019-11-22T06:49:58.272Z] ----------------------------------------------------------------------
[debug] [2019-11-22T06:49:58.274Z] Command:       /usr/local/bin/firebase /home/nt16145/.cache/firebase/tools/lib/node_modules/firebase-tools/lib/bin/firebase serve
[debug] [2019-11-22T06:49:58.274Z] CLI Version:   7.8.1
[debug] [2019-11-22T06:49:58.274Z] Platform:      linux
[debug] [2019-11-22T06:49:58.274Z] Node Version:  v10.15.3
[debug] [2019-11-22T06:49:58.275Z] Time:          Fri Nov 22 2019 15:49:58 GMT+0900 (Japan Standard Time)
[debug] [2019-11-22T06:49:58.275Z] ----------------------------------------------------------------------
[debug] [2019-11-22T06:49:58.275Z] 
[debug] [2019-11-22T06:49:58.283Z] > command requires scopes: ["email","openid","https://www.googleapis.com/auth/cloudplatformprojects.readonly","https://www.googleapis.com/auth/firebase","https://www.googleapis.com/auth/cloud-platform"]
[debug] [2019-11-22T06:49:58.283Z] > authorizing via signed-in user
[debug] [2019-11-22T06:49:58.283Z] [iam] checking project chat-424b7 for permissions ["firebase.projects.get"]
[debug] [2019-11-22T06:49:58.285Z] >>> HTTP REQUEST POST https://cloudresourcemanager.googleapis.com/v1/projects/chat-424b7:testIamPermissions  

[debug] [2019-11-22T06:49:58.746Z] <<< HTTP RESPONSE 200
[debug] [2019-11-22T06:49:58.752Z] >>> HTTP REQUEST GET https://firebase.googleapis.com/v1beta1/projects/chat-424b7  
 
[debug] [2019-11-22T06:49:59.606Z] <<< HTTP RESPONSE 200
[info] 
[info] === Serving from '/home/nt16145/Remote_Chat'...
[info] 
[debug] [2019-11-22T06:49:59.616Z] >>> HTTP REQUEST GET https://firebase.googleapis.com/v1beta1/projects/chat-424b7/webApps/-/config  
 
[warn] ⚠  Your requested "node" version "8" doesn't match your global version "10"
[info] ✔  functions: Emulator started at http://localhost:5001
[debug] [2019-11-22T06:50:01.069Z] <<< HTTP RESPONSE 200
[info] i  functions: Watching "/home/nt16145/Remote_Chat/functions" for Cloud Functions...
[debug] [2019-11-22T06:50:01.208Z] [worker-~diagnostic~-5279642f-3c27-494e-80ee-bbf75c9e2cad]: Assigning socketPath: /tmp/fire_emu_1285.sock
[debug] [2019-11-22T06:50:01.210Z] [worker-~diagnostic~-5279642f-3c27-494e-80ee-bbf75c9e2cad]: BUSY
[info] i  hosting: Serving hosting files from: ./public
[info] ✔  hosting: Local server: http://localhost:5000
[debug] [2019-11-22T06:50:01.719Z] [runtime-status] [1285] Functions runtime initialized. {"cwd":"/home/nt16145/Remote_Chat/functions","node_version":"10.15.3"}
[debug] [2019-11-22T06:50:01.722Z] [runtime-status] [1285] Disabled runtime features: {"functions_config_helper":true,"network_filtering":true,"timeout":true,"memory_limiting":true,"admin_stubs":true,"pubsub_emulator":true}
[warn] ⚠  The Cloud Functions emulator requires the module "firebase-admin" to be installed. This package is in your package.json, but it's not available. You probably need to run "npm install" in your functions directory.
[info] i  functions: Your functions could not be parsed due to an issue with your node_modules (see above)
[debug] [2019-11-22T06:50:01.738Z] [worker-~diagnostic~-5279642f-3c27-494e-80ee-bbf75c9e2cad]: exited
[debug] [2019-11-22T06:50:01.738Z] [worker-~diagnostic~-5279642f-3c27-494e-80ee-bbf75c9e2cad]: FINISHED
